==6024== Memcheck, a memory error detector
==6024== Copyright (C) 2002-2024, and GNU GPL'd, by Julian Seward et al.
==6024== Using Valgrind-3.24.0 and LibVEX; rerun with -h for copyright info
==6024== Command: ./projet_multidisciplinaireS2
==6024== Parent PID: 2648
==6024== 
==6024== 
==6024== HEAP SUMMARY:
==6024==     in use at exit: 428,317 bytes in 4,387 blocks
==6024==   total heap usage: 733,391 allocs, 729,004 frees, 482,881,282 bytes allocated
==6024== 
==6024== 604 bytes in 1 blocks are definitely lost in loss record 2,887 of 2,928
==6024==    at 0x4844818: malloc (vg_replace_malloc.c:446)
==6024==    by 0xDA65538: ??? (in /usr/lib/x86_64-linux-gnu/libGLX_mesa.so.0.0.0)
==6024==    by 0xDA629F4: ??? (in /usr/lib/x86_64-linux-gnu/libGLX_mesa.so.0.0.0)
==6024==    by 0xDA5D88F: ??? (in /usr/lib/x86_64-linux-gnu/libGLX_mesa.so.0.0.0)
==6024==    by 0xDA6207A: ??? (in /usr/lib/x86_64-linux-gnu/libGLX_mesa.so.0.0.0)
==6024==    by 0xDA63063: ??? (in /usr/lib/x86_64-linux-gnu/libGLX_mesa.so.0.0.0)
==6024==    by 0xDA5EA17: ??? (in /usr/lib/x86_64-linux-gnu/libGLX_mesa.so.0.0.0)
==6024==    by 0x59CC82C: ??? (in /usr/lib/x86_64-linux-gnu/libSDL2-2.0.so.0.3200.4)
==6024==    by 0x59CCBAC: ??? (in /usr/lib/x86_64-linux-gnu/libSDL2-2.0.so.0.3200.4)
==6024==    by 0x599D4C9: ??? (in /usr/lib/x86_64-linux-gnu/libSDL2-2.0.so.0.3200.4)
==6024==    by 0x599F0D9: ??? (in /usr/lib/x86_64-linux-gnu/libSDL2-2.0.so.0.3200.4)
==6024==    by 0x59344BC: ??? (in /usr/lib/x86_64-linux-gnu/libSDL2-2.0.so.0.3200.4)
==6024== 
==6024== 32,256 (224 direct, 32,032 indirect) bytes in 1 blocks are definitely lost in loss record 2,925 of 2,928
==6024==    at 0x484BBA3: calloc (vg_replace_malloc.c:1675)
==6024==    by 0xDA6152E: ??? (in /usr/lib/x86_64-linux-gnu/libGLX_mesa.so.0.0.0)
==6024==    by 0xDA627B6: ??? (in /usr/lib/x86_64-linux-gnu/libGLX_mesa.so.0.0.0)
==6024==    by 0xDA6298F: ??? (in /usr/lib/x86_64-linux-gnu/libGLX_mesa.so.0.0.0)
==6024==    by 0xDA5D88F: ??? (in /usr/lib/x86_64-linux-gnu/libGLX_mesa.so.0.0.0)
==6024==    by 0xDA6207A: ??? (in /usr/lib/x86_64-linux-gnu/libGLX_mesa.so.0.0.0)
==6024==    by 0xDA63063: ??? (in /usr/lib/x86_64-linux-gnu/libGLX_mesa.so.0.0.0)
==6024==    by 0xDA5EA17: ??? (in /usr/lib/x86_64-linux-gnu/libGLX_mesa.so.0.0.0)
==6024==    by 0x59CC82C: ??? (in /usr/lib/x86_64-linux-gnu/libSDL2-2.0.so.0.3200.4)
==6024==    by 0x59CCBAC: ??? (in /usr/lib/x86_64-linux-gnu/libSDL2-2.0.so.0.3200.4)
==6024==    by 0x599D4C9: ??? (in /usr/lib/x86_64-linux-gnu/libSDL2-2.0.so.0.3200.4)
==6024==    by 0x599F0D9: ??? (in /usr/lib/x86_64-linux-gnu/libSDL2-2.0.so.0.3200.4)
==6024== 
==6024== 68,096 (224 direct, 67,872 indirect) bytes in 1 blocks are definitely lost in loss record 2,928 of 2,928
==6024==    at 0x484BBA3: calloc (vg_replace_malloc.c:1675)
==6024==    by 0xDA6152E: ??? (in /usr/lib/x86_64-linux-gnu/libGLX_mesa.so.0.0.0)
==6024==    by 0xDA627B6: ??? (in /usr/lib/x86_64-linux-gnu/libGLX_mesa.so.0.0.0)
==6024==    by 0xDA62A69: ??? (in /usr/lib/x86_64-linux-gnu/libGLX_mesa.so.0.0.0)
==6024==    by 0xDA5D88F: ??? (in /usr/lib/x86_64-linux-gnu/libGLX_mesa.so.0.0.0)
==6024==    by 0xDA6207A: ??? (in /usr/lib/x86_64-linux-gnu/libGLX_mesa.so.0.0.0)
==6024==    by 0xDA63063: ??? (in /usr/lib/x86_64-linux-gnu/libGLX_mesa.so.0.0.0)
==6024==    by 0xDA5EA17: ??? (in /usr/lib/x86_64-linux-gnu/libGLX_mesa.so.0.0.0)
==6024==    by 0x59CC82C: ??? (in /usr/lib/x86_64-linux-gnu/libSDL2-2.0.so.0.3200.4)
==6024==    by 0x59CCBAC: ??? (in /usr/lib/x86_64-linux-gnu/libSDL2-2.0.so.0.3200.4)
==6024==    by 0x599D4C9: ??? (in /usr/lib/x86_64-linux-gnu/libSDL2-2.0.so.0.3200.4)
==6024==    by 0x599F0D9: ??? (in /usr/lib/x86_64-linux-gnu/libSDL2-2.0.so.0.3200.4)
==6024== 
==6024== LEAK SUMMARY:
==6024==    definitely lost: 1,052 bytes in 3 blocks
==6024==    indirectly lost: 99,904 bytes in 446 blocks
==6024==      possibly lost: 0 bytes in 0 blocks
==6024==    still reachable: 325,465 bytes in 3,916 blocks
==6024==         suppressed: 48 bytes in 1 blocks
==6024== Reachable blocks (those to which a pointer was found) are not shown.
==6024== To see them, rerun with: --leak-check=full --show-leak-kinds=all
==6024== 
==6024== For lists of detected and suppressed errors, rerun with: -s
==6024== ERROR SUMMARY: 3 errors from 3 contexts (suppressed: 0 from 0)
